ARM GAS  /tmp/ccgp5FZc.s 			page 1


   1              		.cpu cortex-m4
   2              		.eabi_attribute 27, 1
   3              		.eabi_attribute 28, 1
   4              		.eabi_attribute 20, 1
   5              		.eabi_attribute 21, 1
   6              		.eabi_attribute 23, 3
   7              		.eabi_attribute 24, 1
   8              		.eabi_attribute 25, 1
   9              		.eabi_attribute 26, 1
  10              		.eabi_attribute 30, 1
  11              		.eabi_attribute 34, 1
  12              		.eabi_attribute 18, 4
  13              		.file	"main.c"
  14              		.text
  15              	.Ltext0:
  16              		.cfi_sections	.debug_frame
  17              		.section	.text.HAL_TIM_PeriodElapsedCallback,"ax",%progbits
  18              		.align	1
  19              		.global	HAL_TIM_PeriodElapsedCallback
  20              		.arch armv7e-m
  21              		.syntax unified
  22              		.thumb
  23              		.thumb_func
  24              		.fpu fpv4-sp-d16
  26              	HAL_TIM_PeriodElapsedCallback:
  27              	.LVL0:
  28              	.LFB136:
  29              		.file 1 "Core/Src/main.c"
   1:Core/Src/main.c **** /* USER CODE BEGIN Header */
   2:Core/Src/main.c **** /**
   3:Core/Src/main.c ****   ******************************************************************************
   4:Core/Src/main.c ****   * @file           : main.c
   5:Core/Src/main.c ****   * @brief          : Main program body
   6:Core/Src/main.c ****   ******************************************************************************
   7:Core/Src/main.c ****   * @attention
   8:Core/Src/main.c ****   *
   9:Core/Src/main.c ****   * Copyright (c) 2023 STMicroelectronics.
  10:Core/Src/main.c ****   * All rights reserved.
  11:Core/Src/main.c ****   *
  12:Core/Src/main.c ****   * This software is licensed under terms that can be found in the LICENSE file
  13:Core/Src/main.c ****   * in the root directory of this software component.
  14:Core/Src/main.c ****   * If no LICENSE file comes with this software, it is provided AS-IS.
  15:Core/Src/main.c ****   *
  16:Core/Src/main.c ****   ******************************************************************************
  17:Core/Src/main.c ****   */
  18:Core/Src/main.c **** /* USER CODE END Header */
  19:Core/Src/main.c **** /* Includes ------------------------------------------------------------------*/
  20:Core/Src/main.c **** #include "main.h"
  21:Core/Src/main.c **** #include "cmsis_os.h"
  22:Core/Src/main.c **** #include "dma.h"
  23:Core/Src/main.c **** #include "usart.h"
  24:Core/Src/main.c **** #include "gpio.h"
  25:Core/Src/main.c **** 
  26:Core/Src/main.c **** /* Private includes ----------------------------------------------------------*/
  27:Core/Src/main.c **** /* USER CODE BEGIN Includes */
  28:Core/Src/main.c **** 
  29:Core/Src/main.c **** /* USER CODE END Includes */
ARM GAS  /tmp/ccgp5FZc.s 			page 2


  30:Core/Src/main.c **** 
  31:Core/Src/main.c **** /* Private typedef -----------------------------------------------------------*/
  32:Core/Src/main.c **** /* USER CODE BEGIN PTD */
  33:Core/Src/main.c **** 
  34:Core/Src/main.c **** /* USER CODE END PTD */
  35:Core/Src/main.c **** 
  36:Core/Src/main.c **** /* Private define ------------------------------------------------------------*/
  37:Core/Src/main.c **** /* USER CODE BEGIN PD */
  38:Core/Src/main.c **** 
  39:Core/Src/main.c **** /* USER CODE END PD */
  40:Core/Src/main.c **** 
  41:Core/Src/main.c **** /* Private macro -------------------------------------------------------------*/
  42:Core/Src/main.c **** /* USER CODE BEGIN PM */
  43:Core/Src/main.c **** 
  44:Core/Src/main.c **** /* USER CODE END PM */
  45:Core/Src/main.c **** 
  46:Core/Src/main.c **** /* Private variables ---------------------------------------------------------*/
  47:Core/Src/main.c **** 
  48:Core/Src/main.c **** /* USER CODE BEGIN PV */
  49:Core/Src/main.c **** 
  50:Core/Src/main.c **** /* USER CODE END PV */
  51:Core/Src/main.c **** 
  52:Core/Src/main.c **** /* Private function prototypes -----------------------------------------------*/
  53:Core/Src/main.c **** void SystemClock_Config(void);
  54:Core/Src/main.c **** void MX_FREERTOS_Init(void);
  55:Core/Src/main.c **** /* USER CODE BEGIN PFP */
  56:Core/Src/main.c **** 
  57:Core/Src/main.c **** /* USER CODE END PFP */
  58:Core/Src/main.c **** 
  59:Core/Src/main.c **** /* Private user code ---------------------------------------------------------*/
  60:Core/Src/main.c **** /* USER CODE BEGIN 0 */
  61:Core/Src/main.c **** 
  62:Core/Src/main.c **** /* USER CODE END 0 */
  63:Core/Src/main.c **** 
  64:Core/Src/main.c **** /**
  65:Core/Src/main.c ****   * @brief  The application entry point.
  66:Core/Src/main.c ****   * @retval int
  67:Core/Src/main.c ****   */
  68:Core/Src/main.c **** int main(void)
  69:Core/Src/main.c **** {
  70:Core/Src/main.c ****   /* USER CODE BEGIN 1 */
  71:Core/Src/main.c **** 
  72:Core/Src/main.c ****   /* USER CODE END 1 */
  73:Core/Src/main.c **** 
  74:Core/Src/main.c ****   /* MCU Configuration--------------------------------------------------------*/
  75:Core/Src/main.c **** 
  76:Core/Src/main.c ****   /* Reset of all peripherals, Initializes the Flash interface and the Systick. */
  77:Core/Src/main.c ****   HAL_Init();
  78:Core/Src/main.c **** 
  79:Core/Src/main.c ****   /* USER CODE BEGIN Init */
  80:Core/Src/main.c **** 
  81:Core/Src/main.c ****   /* USER CODE END Init */
  82:Core/Src/main.c **** 
  83:Core/Src/main.c ****   /* Configure the system clock */
  84:Core/Src/main.c ****   SystemClock_Config();
  85:Core/Src/main.c **** 
  86:Core/Src/main.c ****   /* USER CODE BEGIN SysInit */
ARM GAS  /tmp/ccgp5FZc.s 			page 3


  87:Core/Src/main.c **** 
  88:Core/Src/main.c ****   /* USER CODE END SysInit */
  89:Core/Src/main.c **** 
  90:Core/Src/main.c ****   /* Initialize all configured peripherals */
  91:Core/Src/main.c ****   MX_GPIO_Init();
  92:Core/Src/main.c ****   MX_DMA_Init();
  93:Core/Src/main.c ****   MX_USART2_UART_Init();
  94:Core/Src/main.c ****   /* USER CODE BEGIN 2 */
  95:Core/Src/main.c **** 
  96:Core/Src/main.c ****   /* USER CODE END 2 */
  97:Core/Src/main.c **** 
  98:Core/Src/main.c ****   /* Init scheduler */
  99:Core/Src/main.c ****   osKernelInitialize();  /* Call init function for freertos objects (in freertos.c) */
 100:Core/Src/main.c ****   MX_FREERTOS_Init();
 101:Core/Src/main.c **** 
 102:Core/Src/main.c ****   /* Start scheduler */
 103:Core/Src/main.c ****   osKernelStart();
 104:Core/Src/main.c **** 
 105:Core/Src/main.c ****   /* We should never get here as control is now taken by the scheduler */
 106:Core/Src/main.c ****   /* Infinite loop */
 107:Core/Src/main.c ****   /* USER CODE BEGIN WHILE */
 108:Core/Src/main.c ****   while (1)
 109:Core/Src/main.c ****   {
 110:Core/Src/main.c ****     /* USER CODE END WHILE */
 111:Core/Src/main.c **** 
 112:Core/Src/main.c ****     /* USER CODE BEGIN 3 */
 113:Core/Src/main.c ****   }
 114:Core/Src/main.c ****   /* USER CODE END 3 */
 115:Core/Src/main.c **** }
 116:Core/Src/main.c **** 
 117:Core/Src/main.c **** /**
 118:Core/Src/main.c ****   * @brief System Clock Configuration
 119:Core/Src/main.c ****   * @retval None
 120:Core/Src/main.c ****   */
 121:Core/Src/main.c **** void SystemClock_Config(void)
 122:Core/Src/main.c **** {
 123:Core/Src/main.c ****   RCC_OscInitTypeDef RCC_OscInitStruct = {0};
 124:Core/Src/main.c ****   RCC_ClkInitTypeDef RCC_ClkInitStruct = {0};
 125:Core/Src/main.c **** 
 126:Core/Src/main.c ****   /** Configure the main internal regulator output voltage
 127:Core/Src/main.c ****   */
 128:Core/Src/main.c ****   __HAL_RCC_PWR_CLK_ENABLE();
 129:Core/Src/main.c ****   __HAL_PWR_VOLTAGESCALING_CONFIG(PWR_REGULATOR_VOLTAGE_SCALE1);
 130:Core/Src/main.c **** 
 131:Core/Src/main.c ****   /** Initializes the RCC Oscillators according to the specified parameters
 132:Core/Src/main.c ****   * in the RCC_OscInitTypeDef structure.
 133:Core/Src/main.c ****   */
 134:Core/Src/main.c ****   RCC_OscInitStruct.OscillatorType = RCC_OSCILLATORTYPE_HSE;
 135:Core/Src/main.c ****   RCC_OscInitStruct.HSEState = RCC_HSE_ON;
 136:Core/Src/main.c ****   RCC_OscInitStruct.PLL.PLLState = RCC_PLL_ON;
 137:Core/Src/main.c ****   RCC_OscInitStruct.PLL.PLLSource = RCC_PLLSOURCE_HSE;
 138:Core/Src/main.c ****   RCC_OscInitStruct.PLL.PLLM = 8;
 139:Core/Src/main.c ****   RCC_OscInitStruct.PLL.PLLN = 336;
 140:Core/Src/main.c ****   RCC_OscInitStruct.PLL.PLLP = RCC_PLLP_DIV4;
 141:Core/Src/main.c ****   RCC_OscInitStruct.PLL.PLLQ = 2;
 142:Core/Src/main.c ****   RCC_OscInitStruct.PLL.PLLR = 2;
 143:Core/Src/main.c ****   if (HAL_RCC_OscConfig(&RCC_OscInitStruct) != HAL_OK)
ARM GAS  /tmp/ccgp5FZc.s 			page 4


 144:Core/Src/main.c ****   {
 145:Core/Src/main.c ****     Error_Handler();
 146:Core/Src/main.c ****   }
 147:Core/Src/main.c **** 
 148:Core/Src/main.c ****   /** Initializes the CPU, AHB and APB buses clocks
 149:Core/Src/main.c ****   */
 150:Core/Src/main.c ****   RCC_ClkInitStruct.ClockType = RCC_CLOCKTYPE_HCLK|RCC_CLOCKTYPE_SYSCLK
 151:Core/Src/main.c ****                               |RCC_CLOCKTYPE_PCLK1|RCC_CLOCKTYPE_PCLK2;
 152:Core/Src/main.c ****   RCC_ClkInitStruct.SYSCLKSource = RCC_SYSCLKSOURCE_PLLRCLK;
 153:Core/Src/main.c ****   RCC_ClkInitStruct.AHBCLKDivider = RCC_SYSCLK_DIV1;
 154:Core/Src/main.c ****   RCC_ClkInitStruct.APB1CLKDivider = RCC_HCLK_DIV4;
 155:Core/Src/main.c ****   RCC_ClkInitStruct.APB2CLKDivider = RCC_HCLK_DIV2;
 156:Core/Src/main.c **** 
 157:Core/Src/main.c ****   if (HAL_RCC_ClockConfig(&RCC_ClkInitStruct, FLASH_LATENCY_5) != HAL_OK)
 158:Core/Src/main.c ****   {
 159:Core/Src/main.c ****     Error_Handler();
 160:Core/Src/main.c ****   }
 161:Core/Src/main.c **** }
 162:Core/Src/main.c **** 
 163:Core/Src/main.c **** /* USER CODE BEGIN 4 */
 164:Core/Src/main.c **** 
 165:Core/Src/main.c **** /* USER CODE END 4 */
 166:Core/Src/main.c **** 
 167:Core/Src/main.c **** /**
 168:Core/Src/main.c ****   * @brief  Period elapsed callback in non blocking mode
 169:Core/Src/main.c ****   * @note   This function is called  when TIM1 interrupt took place, inside
 170:Core/Src/main.c ****   * HAL_TIM_IRQHandler(). It makes a direct call to HAL_IncTick() to increment
 171:Core/Src/main.c ****   * a global variable "uwTick" used as application time base.
 172:Core/Src/main.c ****   * @param  htim : TIM handle
 173:Core/Src/main.c ****   * @retval None
 174:Core/Src/main.c ****   */
 175:Core/Src/main.c **** void HAL_TIM_PeriodElapsedCallback(TIM_HandleTypeDef *htim)
 176:Core/Src/main.c **** {
  30              		.loc 1 176 1 view -0
  31              		.cfi_startproc
  32              		@ args = 0, pretend = 0, frame = 0
  33              		@ frame_needed = 0, uses_anonymous_args = 0
  34              		.loc 1 176 1 is_stmt 0 view .LVU1
  35 0000 08B5     		push	{r3, lr}
  36              	.LCFI0:
  37              		.cfi_def_cfa_offset 8
  38              		.cfi_offset 3, -8
  39              		.cfi_offset 14, -4
 177:Core/Src/main.c ****   /* USER CODE BEGIN Callback 0 */
 178:Core/Src/main.c **** 
 179:Core/Src/main.c ****   /* USER CODE END Callback 0 */
 180:Core/Src/main.c ****   if (htim->Instance == TIM1) {
  40              		.loc 1 180 3 is_stmt 1 view .LVU2
  41              		.loc 1 180 11 is_stmt 0 view .LVU3
  42 0002 0268     		ldr	r2, [r0]
  43              		.loc 1 180 6 view .LVU4
  44 0004 034B     		ldr	r3, .L5
  45 0006 9A42     		cmp	r2, r3
  46 0008 00D0     		beq	.L4
  47              	.LVL1:
  48              	.L1:
 181:Core/Src/main.c ****     HAL_IncTick();
ARM GAS  /tmp/ccgp5FZc.s 			page 5


 182:Core/Src/main.c ****   }
 183:Core/Src/main.c ****   /* USER CODE BEGIN Callback 1 */
 184:Core/Src/main.c **** 
 185:Core/Src/main.c ****   /* USER CODE END Callback 1 */
 186:Core/Src/main.c **** }
  49              		.loc 1 186 1 view .LVU5
  50 000a 08BD     		pop	{r3, pc}
  51              	.LVL2:
  52              	.L4:
 181:Core/Src/main.c ****     HAL_IncTick();
  53              		.loc 1 181 5 is_stmt 1 view .LVU6
  54 000c FFF7FEFF 		bl	HAL_IncTick
  55              	.LVL3:
  56              		.loc 1 186 1 is_stmt 0 view .LVU7
  57 0010 FBE7     		b	.L1
  58              	.L6:
  59 0012 00BF     		.align	2
  60              	.L5:
  61 0014 00000140 		.word	1073807360
  62              		.cfi_endproc
  63              	.LFE136:
  65              		.section	.text.Error_Handler,"ax",%progbits
  66              		.align	1
  67              		.global	Error_Handler
  68              		.syntax unified
  69              		.thumb
  70              		.thumb_func
  71              		.fpu fpv4-sp-d16
  73              	Error_Handler:
  74              	.LFB137:
 187:Core/Src/main.c **** 
 188:Core/Src/main.c **** /**
 189:Core/Src/main.c ****   * @brief  This function is executed in case of error occurrence.
 190:Core/Src/main.c ****   * @retval None
 191:Core/Src/main.c ****   */
 192:Core/Src/main.c **** void Error_Handler(void)
 193:Core/Src/main.c **** {
  75              		.loc 1 193 1 is_stmt 1 view -0
  76              		.cfi_startproc
  77              		@ Volatile: function does not return.
  78              		@ args = 0, pretend = 0, frame = 0
  79              		@ frame_needed = 0, uses_anonymous_args = 0
  80              		@ link register save eliminated.
 194:Core/Src/main.c ****   /* USER CODE BEGIN Error_Handler_Debug */
 195:Core/Src/main.c ****   /* User can add his own implementation to report the HAL error return state */
 196:Core/Src/main.c ****   __disable_irq();
  81              		.loc 1 196 3 view .LVU9
  82              	.LBB4:
  83              	.LBI4:
  84              		.file 2 "Drivers/CMSIS/Include/cmsis_gcc.h"
   1:Drivers/CMSIS/Include/cmsis_gcc.h **** /**************************************************************************//**
   2:Drivers/CMSIS/Include/cmsis_gcc.h ****  * @file     cmsis_gcc.h
   3:Drivers/CMSIS/Include/cmsis_gcc.h ****  * @brief    CMSIS compiler GCC header file
   4:Drivers/CMSIS/Include/cmsis_gcc.h ****  * @version  V5.0.4
   5:Drivers/CMSIS/Include/cmsis_gcc.h ****  * @date     09. April 2018
   6:Drivers/CMSIS/Include/cmsis_gcc.h ****  ******************************************************************************/
   7:Drivers/CMSIS/Include/cmsis_gcc.h **** /*
ARM GAS  /tmp/ccgp5FZc.s 			page 6


   8:Drivers/CMSIS/Include/cmsis_gcc.h ****  * Copyright (c) 2009-2018 Arm Limited. All rights reserved.
   9:Drivers/CMSIS/Include/cmsis_gcc.h ****  *
  10:Drivers/CMSIS/Include/cmsis_gcc.h ****  * SPDX-License-Identifier: Apache-2.0
  11:Drivers/CMSIS/Include/cmsis_gcc.h ****  *
  12:Drivers/CMSIS/Include/cmsis_gcc.h ****  * Licensed under the Apache License, Version 2.0 (the License); you may
  13:Drivers/CMSIS/Include/cmsis_gcc.h ****  * not use this file except in compliance with the License.
  14:Drivers/CMSIS/Include/cmsis_gcc.h ****  * You may obtain a copy of the License at
  15:Drivers/CMSIS/Include/cmsis_gcc.h ****  *
  16:Drivers/CMSIS/Include/cmsis_gcc.h ****  * www.apache.org/licenses/LICENSE-2.0
  17:Drivers/CMSIS/Include/cmsis_gcc.h ****  *
  18:Drivers/CMSIS/Include/cmsis_gcc.h ****  * Unless required by applicable law or agreed to in writing, software
  19:Drivers/CMSIS/Include/cmsis_gcc.h ****  * distributed under the License is distributed on an AS IS BASIS, WITHOUT
  20:Drivers/CMSIS/Include/cmsis_gcc.h ****  * WARRANTIES OR CONDITIONS OF ANY KIND, either express or implied.
  21:Drivers/CMSIS/Include/cmsis_gcc.h ****  * See the License for the specific language governing permissions and
  22:Drivers/CMSIS/Include/cmsis_gcc.h ****  * limitations under the License.
  23:Drivers/CMSIS/Include/cmsis_gcc.h ****  */
  24:Drivers/CMSIS/Include/cmsis_gcc.h **** 
  25:Drivers/CMSIS/Include/cmsis_gcc.h **** #ifndef __CMSIS_GCC_H
  26:Drivers/CMSIS/Include/cmsis_gcc.h **** #define __CMSIS_GCC_H
  27:Drivers/CMSIS/Include/cmsis_gcc.h **** 
  28:Drivers/CMSIS/Include/cmsis_gcc.h **** /* ignore some GCC warnings */
  29:Drivers/CMSIS/Include/cmsis_gcc.h **** #pragma GCC diagnostic push
  30:Drivers/CMSIS/Include/cmsis_gcc.h **** #pragma GCC diagnostic ignored "-Wsign-conversion"
  31:Drivers/CMSIS/Include/cmsis_gcc.h **** #pragma GCC diagnostic ignored "-Wconversion"
  32:Drivers/CMSIS/Include/cmsis_gcc.h **** #pragma GCC diagnostic ignored "-Wunused-parameter"
  33:Drivers/CMSIS/Include/cmsis_gcc.h **** 
  34:Drivers/CMSIS/Include/cmsis_gcc.h **** /* Fallback for __has_builtin */
  35:Drivers/CMSIS/Include/cmsis_gcc.h **** #ifndef __has_builtin
  36:Drivers/CMSIS/Include/cmsis_gcc.h ****   #define __has_builtin(x) (0)
  37:Drivers/CMSIS/Include/cmsis_gcc.h **** #endif
  38:Drivers/CMSIS/Include/cmsis_gcc.h **** 
  39:Drivers/CMSIS/Include/cmsis_gcc.h **** /* CMSIS compiler specific defines */
  40:Drivers/CMSIS/Include/cmsis_gcc.h **** #ifndef   __ASM
  41:Drivers/CMSIS/Include/cmsis_gcc.h ****   #define __ASM                                  __asm
  42:Drivers/CMSIS/Include/cmsis_gcc.h **** #endif
  43:Drivers/CMSIS/Include/cmsis_gcc.h **** #ifndef   __INLINE
  44:Drivers/CMSIS/Include/cmsis_gcc.h ****   #define __INLINE                               inline
  45:Drivers/CMSIS/Include/cmsis_gcc.h **** #endif
  46:Drivers/CMSIS/Include/cmsis_gcc.h **** #ifndef   __STATIC_INLINE
  47:Drivers/CMSIS/Include/cmsis_gcc.h ****   #define __STATIC_INLINE                        static inline
  48:Drivers/CMSIS/Include/cmsis_gcc.h **** #endif
  49:Drivers/CMSIS/Include/cmsis_gcc.h **** #ifndef   __STATIC_FORCEINLINE                 
  50:Drivers/CMSIS/Include/cmsis_gcc.h ****   #define __STATIC_FORCEINLINE                   __attribute__((always_inline)) static inline
  51:Drivers/CMSIS/Include/cmsis_gcc.h **** #endif                                           
  52:Drivers/CMSIS/Include/cmsis_gcc.h **** #ifndef   __NO_RETURN
  53:Drivers/CMSIS/Include/cmsis_gcc.h ****   #define __NO_RETURN                            __attribute__((__noreturn__))
  54:Drivers/CMSIS/Include/cmsis_gcc.h **** #endif
  55:Drivers/CMSIS/Include/cmsis_gcc.h **** #ifndef   __USED
  56:Drivers/CMSIS/Include/cmsis_gcc.h ****   #define __USED                                 __attribute__((used))
  57:Drivers/CMSIS/Include/cmsis_gcc.h **** #endif
  58:Drivers/CMSIS/Include/cmsis_gcc.h **** #ifndef   __WEAK
  59:Drivers/CMSIS/Include/cmsis_gcc.h ****   #define __WEAK                                 __attribute__((weak))
  60:Drivers/CMSIS/Include/cmsis_gcc.h **** #endif
  61:Drivers/CMSIS/Include/cmsis_gcc.h **** #ifndef   __PACKED
  62:Drivers/CMSIS/Include/cmsis_gcc.h ****   #define __PACKED                               __attribute__((packed, aligned(1)))
  63:Drivers/CMSIS/Include/cmsis_gcc.h **** #endif
  64:Drivers/CMSIS/Include/cmsis_gcc.h **** #ifndef   __PACKED_STRUCT
ARM GAS  /tmp/ccgp5FZc.s 			page 7


  65:Drivers/CMSIS/Include/cmsis_gcc.h ****   #define __PACKED_STRUCT                        struct __attribute__((packed, aligned(1)))
  66:Drivers/CMSIS/Include/cmsis_gcc.h **** #endif
  67:Drivers/CMSIS/Include/cmsis_gcc.h **** #ifndef   __PACKED_UNION
  68:Drivers/CMSIS/Include/cmsis_gcc.h ****   #define __PACKED_UNION                         union __attribute__((packed, aligned(1)))
  69:Drivers/CMSIS/Include/cmsis_gcc.h **** #endif
  70:Drivers/CMSIS/Include/cmsis_gcc.h **** #ifndef   __UNALIGNED_UINT32        /* deprecated */
  71:Drivers/CMSIS/Include/cmsis_gcc.h ****   #pragma GCC diagnostic push
  72:Drivers/CMSIS/Include/cmsis_gcc.h ****   #pragma GCC diagnostic ignored "-Wpacked"
  73:Drivers/CMSIS/Include/cmsis_gcc.h ****   #pragma GCC diagnostic ignored "-Wattributes"
  74:Drivers/CMSIS/Include/cmsis_gcc.h ****   struct __attribute__((packed)) T_UINT32 { uint32_t v; };
  75:Drivers/CMSIS/Include/cmsis_gcc.h ****   #pragma GCC diagnostic pop
  76:Drivers/CMSIS/Include/cmsis_gcc.h ****   #define __UNALIGNED_UINT32(x)                  (((struct T_UINT32 *)(x))->v)
  77:Drivers/CMSIS/Include/cmsis_gcc.h **** #endif
  78:Drivers/CMSIS/Include/cmsis_gcc.h **** #ifndef   __UNALIGNED_UINT16_WRITE
  79:Drivers/CMSIS/Include/cmsis_gcc.h ****   #pragma GCC diagnostic push
  80:Drivers/CMSIS/Include/cmsis_gcc.h ****   #pragma GCC diagnostic ignored "-Wpacked"
  81:Drivers/CMSIS/Include/cmsis_gcc.h ****   #pragma GCC diagnostic ignored "-Wattributes"
  82:Drivers/CMSIS/Include/cmsis_gcc.h ****   __PACKED_STRUCT T_UINT16_WRITE { uint16_t v; };
  83:Drivers/CMSIS/Include/cmsis_gcc.h ****   #pragma GCC diagnostic pop
  84:Drivers/CMSIS/Include/cmsis_gcc.h ****   #define __UNALIGNED_UINT16_WRITE(addr, val)    (void)((((struct T_UINT16_WRITE *)(void *)(addr))-
  85:Drivers/CMSIS/Include/cmsis_gcc.h **** #endif
  86:Drivers/CMSIS/Include/cmsis_gcc.h **** #ifndef   __UNALIGNED_UINT16_READ
  87:Drivers/CMSIS/Include/cmsis_gcc.h ****   #pragma GCC diagnostic push
  88:Drivers/CMSIS/Include/cmsis_gcc.h ****   #pragma GCC diagnostic ignored "-Wpacked"
  89:Drivers/CMSIS/Include/cmsis_gcc.h ****   #pragma GCC diagnostic ignored "-Wattributes"
  90:Drivers/CMSIS/Include/cmsis_gcc.h ****   __PACKED_STRUCT T_UINT16_READ { uint16_t v; };
  91:Drivers/CMSIS/Include/cmsis_gcc.h ****   #pragma GCC diagnostic pop
  92:Drivers/CMSIS/Include/cmsis_gcc.h ****   #define __UNALIGNED_UINT16_READ(addr)          (((const struct T_UINT16_READ *)(const void *)(add
  93:Drivers/CMSIS/Include/cmsis_gcc.h **** #endif
  94:Drivers/CMSIS/Include/cmsis_gcc.h **** #ifndef   __UNALIGNED_UINT32_WRITE
  95:Drivers/CMSIS/Include/cmsis_gcc.h ****   #pragma GCC diagnostic push
  96:Drivers/CMSIS/Include/cmsis_gcc.h ****   #pragma GCC diagnostic ignored "-Wpacked"
  97:Drivers/CMSIS/Include/cmsis_gcc.h ****   #pragma GCC diagnostic ignored "-Wattributes"
  98:Drivers/CMSIS/Include/cmsis_gcc.h ****   __PACKED_STRUCT T_UINT32_WRITE { uint32_t v; };
  99:Drivers/CMSIS/Include/cmsis_gcc.h ****   #pragma GCC diagnostic pop
 100:Drivers/CMSIS/Include/cmsis_gcc.h ****   #define __UNALIGNED_UINT32_WRITE(addr, val)    (void)((((struct T_UINT32_WRITE *)(void *)(addr))-
 101:Drivers/CMSIS/Include/cmsis_gcc.h **** #endif
 102:Drivers/CMSIS/Include/cmsis_gcc.h **** #ifndef   __UNALIGNED_UINT32_READ
 103:Drivers/CMSIS/Include/cmsis_gcc.h ****   #pragma GCC diagnostic push
 104:Drivers/CMSIS/Include/cmsis_gcc.h ****   #pragma GCC diagnostic ignored "-Wpacked"
 105:Drivers/CMSIS/Include/cmsis_gcc.h ****   #pragma GCC diagnostic ignored "-Wattributes"
 106:Drivers/CMSIS/Include/cmsis_gcc.h ****   __PACKED_STRUCT T_UINT32_READ { uint32_t v; };
 107:Drivers/CMSIS/Include/cmsis_gcc.h ****   #pragma GCC diagnostic pop
 108:Drivers/CMSIS/Include/cmsis_gcc.h ****   #define __UNALIGNED_UINT32_READ(addr)          (((const struct T_UINT32_READ *)(const void *)(add
 109:Drivers/CMSIS/Include/cmsis_gcc.h **** #endif
 110:Drivers/CMSIS/Include/cmsis_gcc.h **** #ifndef   __ALIGNED
 111:Drivers/CMSIS/Include/cmsis_gcc.h ****   #define __ALIGNED(x)                           __attribute__((aligned(x)))
 112:Drivers/CMSIS/Include/cmsis_gcc.h **** #endif
 113:Drivers/CMSIS/Include/cmsis_gcc.h **** #ifndef   __RESTRICT
 114:Drivers/CMSIS/Include/cmsis_gcc.h ****   #define __RESTRICT                             __restrict
 115:Drivers/CMSIS/Include/cmsis_gcc.h **** #endif
 116:Drivers/CMSIS/Include/cmsis_gcc.h **** 
 117:Drivers/CMSIS/Include/cmsis_gcc.h **** 
 118:Drivers/CMSIS/Include/cmsis_gcc.h **** /* ###########################  Core Function Access  ########################### */
 119:Drivers/CMSIS/Include/cmsis_gcc.h **** /** \ingroup  CMSIS_Core_FunctionInterface
 120:Drivers/CMSIS/Include/cmsis_gcc.h ****     \defgroup CMSIS_Core_RegAccFunctions CMSIS Core Register Access Functions
 121:Drivers/CMSIS/Include/cmsis_gcc.h ****   @{
ARM GAS  /tmp/ccgp5FZc.s 			page 8


 122:Drivers/CMSIS/Include/cmsis_gcc.h ****  */
 123:Drivers/CMSIS/Include/cmsis_gcc.h **** 
 124:Drivers/CMSIS/Include/cmsis_gcc.h **** /**
 125:Drivers/CMSIS/Include/cmsis_gcc.h ****   \brief   Enable IRQ Interrupts
 126:Drivers/CMSIS/Include/cmsis_gcc.h ****   \details Enables IRQ interrupts by clearing the I-bit in the CPSR.
 127:Drivers/CMSIS/Include/cmsis_gcc.h ****            Can only be executed in Privileged modes.
 128:Drivers/CMSIS/Include/cmsis_gcc.h ****  */
 129:Drivers/CMSIS/Include/cmsis_gcc.h **** __STATIC_FORCEINLINE void __enable_irq(void)
 130:Drivers/CMSIS/Include/cmsis_gcc.h **** {
 131:Drivers/CMSIS/Include/cmsis_gcc.h ****   __ASM volatile ("cpsie i" : : : "memory");
 132:Drivers/CMSIS/Include/cmsis_gcc.h **** }
 133:Drivers/CMSIS/Include/cmsis_gcc.h **** 
 134:Drivers/CMSIS/Include/cmsis_gcc.h **** 
 135:Drivers/CMSIS/Include/cmsis_gcc.h **** /**
 136:Drivers/CMSIS/Include/cmsis_gcc.h ****   \brief   Disable IRQ Interrupts
 137:Drivers/CMSIS/Include/cmsis_gcc.h ****   \details Disables IRQ interrupts by setting the I-bit in the CPSR.
 138:Drivers/CMSIS/Include/cmsis_gcc.h ****            Can only be executed in Privileged modes.
 139:Drivers/CMSIS/Include/cmsis_gcc.h ****  */
 140:Drivers/CMSIS/Include/cmsis_gcc.h **** __STATIC_FORCEINLINE void __disable_irq(void)
  85              		.loc 2 140 27 view .LVU10
  86              	.LBB5:
 141:Drivers/CMSIS/Include/cmsis_gcc.h **** {
 142:Drivers/CMSIS/Include/cmsis_gcc.h ****   __ASM volatile ("cpsid i" : : : "memory");
  87              		.loc 2 142 3 view .LVU11
  88              		.syntax unified
  89              	@ 142 "Drivers/CMSIS/Include/cmsis_gcc.h" 1
  90 0000 72B6     		cpsid i
  91              	@ 0 "" 2
  92              		.thumb
  93              		.syntax unified
  94              	.L8:
  95              	.LBE5:
  96              	.LBE4:
 197:Core/Src/main.c ****   while (1)
  97              		.loc 1 197 3 discriminator 1 view .LVU12
 198:Core/Src/main.c ****   {
 199:Core/Src/main.c ****   }
  98              		.loc 1 199 3 discriminator 1 view .LVU13
 197:Core/Src/main.c ****   while (1)
  99              		.loc 1 197 9 discriminator 1 view .LVU14
 100 0002 FEE7     		b	.L8
 101              		.cfi_endproc
 102              	.LFE137:
 104              		.section	.text.SystemClock_Config,"ax",%progbits
 105              		.align	1
 106              		.global	SystemClock_Config
 107              		.syntax unified
 108              		.thumb
 109              		.thumb_func
 110              		.fpu fpv4-sp-d16
 112              	SystemClock_Config:
 113              	.LFB135:
 122:Core/Src/main.c ****   RCC_OscInitTypeDef RCC_OscInitStruct = {0};
 114              		.loc 1 122 1 view -0
 115              		.cfi_startproc
 116              		@ args = 0, pretend = 0, frame = 80
 117              		@ frame_needed = 0, uses_anonymous_args = 0
ARM GAS  /tmp/ccgp5FZc.s 			page 9


 118 0000 00B5     		push	{lr}
 119              	.LCFI1:
 120              		.cfi_def_cfa_offset 4
 121              		.cfi_offset 14, -4
 122 0002 95B0     		sub	sp, sp, #84
 123              	.LCFI2:
 124              		.cfi_def_cfa_offset 88
 123:Core/Src/main.c ****   RCC_ClkInitTypeDef RCC_ClkInitStruct = {0};
 125              		.loc 1 123 3 view .LVU16
 123:Core/Src/main.c ****   RCC_ClkInitTypeDef RCC_ClkInitStruct = {0};
 126              		.loc 1 123 22 is_stmt 0 view .LVU17
 127 0004 3422     		movs	r2, #52
 128 0006 0021     		movs	r1, #0
 129 0008 07A8     		add	r0, sp, #28
 130 000a FFF7FEFF 		bl	memset
 131              	.LVL4:
 124:Core/Src/main.c **** 
 132              		.loc 1 124 3 is_stmt 1 view .LVU18
 124:Core/Src/main.c **** 
 133              		.loc 1 124 22 is_stmt 0 view .LVU19
 134 000e 0023     		movs	r3, #0
 135 0010 0293     		str	r3, [sp, #8]
 136 0012 0393     		str	r3, [sp, #12]
 137 0014 0493     		str	r3, [sp, #16]
 138 0016 0593     		str	r3, [sp, #20]
 139 0018 0693     		str	r3, [sp, #24]
 128:Core/Src/main.c ****   __HAL_PWR_VOLTAGESCALING_CONFIG(PWR_REGULATOR_VOLTAGE_SCALE1);
 140              		.loc 1 128 3 is_stmt 1 view .LVU20
 141              	.LBB6:
 128:Core/Src/main.c ****   __HAL_PWR_VOLTAGESCALING_CONFIG(PWR_REGULATOR_VOLTAGE_SCALE1);
 142              		.loc 1 128 3 view .LVU21
 143 001a 0093     		str	r3, [sp]
 128:Core/Src/main.c ****   __HAL_PWR_VOLTAGESCALING_CONFIG(PWR_REGULATOR_VOLTAGE_SCALE1);
 144              		.loc 1 128 3 view .LVU22
 145 001c 214A     		ldr	r2, .L15
 146 001e 116C     		ldr	r1, [r2, #64]
 147 0020 41F08051 		orr	r1, r1, #268435456
 148 0024 1164     		str	r1, [r2, #64]
 128:Core/Src/main.c ****   __HAL_PWR_VOLTAGESCALING_CONFIG(PWR_REGULATOR_VOLTAGE_SCALE1);
 149              		.loc 1 128 3 view .LVU23
 150 0026 126C     		ldr	r2, [r2, #64]
 151 0028 02F08052 		and	r2, r2, #268435456
 152 002c 0092     		str	r2, [sp]
 128:Core/Src/main.c ****   __HAL_PWR_VOLTAGESCALING_CONFIG(PWR_REGULATOR_VOLTAGE_SCALE1);
 153              		.loc 1 128 3 view .LVU24
 154 002e 009A     		ldr	r2, [sp]
 155              	.LBE6:
 128:Core/Src/main.c ****   __HAL_PWR_VOLTAGESCALING_CONFIG(PWR_REGULATOR_VOLTAGE_SCALE1);
 156              		.loc 1 128 3 view .LVU25
 129:Core/Src/main.c **** 
 157              		.loc 1 129 3 view .LVU26
 158              	.LBB7:
 129:Core/Src/main.c **** 
 159              		.loc 1 129 3 view .LVU27
 160 0030 0193     		str	r3, [sp, #4]
 129:Core/Src/main.c **** 
 161              		.loc 1 129 3 view .LVU28
ARM GAS  /tmp/ccgp5FZc.s 			page 10


 162 0032 1D4B     		ldr	r3, .L15+4
 163 0034 1A68     		ldr	r2, [r3]
 164 0036 42F44042 		orr	r2, r2, #49152
 165 003a 1A60     		str	r2, [r3]
 129:Core/Src/main.c **** 
 166              		.loc 1 129 3 view .LVU29
 167 003c 1B68     		ldr	r3, [r3]
 168 003e 03F44043 		and	r3, r3, #49152
 169 0042 0193     		str	r3, [sp, #4]
 129:Core/Src/main.c **** 
 170              		.loc 1 129 3 view .LVU30
 171 0044 019B     		ldr	r3, [sp, #4]
 172              	.LBE7:
 129:Core/Src/main.c **** 
 173              		.loc 1 129 3 view .LVU31
 134:Core/Src/main.c ****   RCC_OscInitStruct.HSEState = RCC_HSE_ON;
 174              		.loc 1 134 3 view .LVU32
 134:Core/Src/main.c ****   RCC_OscInitStruct.HSEState = RCC_HSE_ON;
 175              		.loc 1 134 36 is_stmt 0 view .LVU33
 176 0046 0123     		movs	r3, #1
 177 0048 0793     		str	r3, [sp, #28]
 135:Core/Src/main.c ****   RCC_OscInitStruct.PLL.PLLState = RCC_PLL_ON;
 178              		.loc 1 135 3 is_stmt 1 view .LVU34
 135:Core/Src/main.c ****   RCC_OscInitStruct.PLL.PLLState = RCC_PLL_ON;
 179              		.loc 1 135 30 is_stmt 0 view .LVU35
 180 004a 4FF48033 		mov	r3, #65536
 181 004e 0893     		str	r3, [sp, #32]
 136:Core/Src/main.c ****   RCC_OscInitStruct.PLL.PLLSource = RCC_PLLSOURCE_HSE;
 182              		.loc 1 136 3 is_stmt 1 view .LVU36
 136:Core/Src/main.c ****   RCC_OscInitStruct.PLL.PLLSource = RCC_PLLSOURCE_HSE;
 183              		.loc 1 136 34 is_stmt 0 view .LVU37
 184 0050 0223     		movs	r3, #2
 185 0052 0D93     		str	r3, [sp, #52]
 137:Core/Src/main.c ****   RCC_OscInitStruct.PLL.PLLM = 8;
 186              		.loc 1 137 3 is_stmt 1 view .LVU38
 137:Core/Src/main.c ****   RCC_OscInitStruct.PLL.PLLM = 8;
 187              		.loc 1 137 35 is_stmt 0 view .LVU39
 188 0054 4FF48002 		mov	r2, #4194304
 189 0058 0E92     		str	r2, [sp, #56]
 138:Core/Src/main.c ****   RCC_OscInitStruct.PLL.PLLN = 336;
 190              		.loc 1 138 3 is_stmt 1 view .LVU40
 138:Core/Src/main.c ****   RCC_OscInitStruct.PLL.PLLN = 336;
 191              		.loc 1 138 30 is_stmt 0 view .LVU41
 192 005a 0822     		movs	r2, #8
 193 005c 0F92     		str	r2, [sp, #60]
 139:Core/Src/main.c ****   RCC_OscInitStruct.PLL.PLLP = RCC_PLLP_DIV4;
 194              		.loc 1 139 3 is_stmt 1 view .LVU42
 139:Core/Src/main.c ****   RCC_OscInitStruct.PLL.PLLP = RCC_PLLP_DIV4;
 195              		.loc 1 139 30 is_stmt 0 view .LVU43
 196 005e 4FF4A872 		mov	r2, #336
 197 0062 1092     		str	r2, [sp, #64]
 140:Core/Src/main.c ****   RCC_OscInitStruct.PLL.PLLQ = 2;
 198              		.loc 1 140 3 is_stmt 1 view .LVU44
 140:Core/Src/main.c ****   RCC_OscInitStruct.PLL.PLLQ = 2;
 199              		.loc 1 140 30 is_stmt 0 view .LVU45
 200 0064 0422     		movs	r2, #4
 201 0066 1192     		str	r2, [sp, #68]
ARM GAS  /tmp/ccgp5FZc.s 			page 11


 141:Core/Src/main.c ****   RCC_OscInitStruct.PLL.PLLR = 2;
 202              		.loc 1 141 3 is_stmt 1 view .LVU46
 141:Core/Src/main.c ****   RCC_OscInitStruct.PLL.PLLR = 2;
 203              		.loc 1 141 30 is_stmt 0 view .LVU47
 204 0068 1293     		str	r3, [sp, #72]
 142:Core/Src/main.c ****   if (HAL_RCC_OscConfig(&RCC_OscInitStruct) != HAL_OK)
 205              		.loc 1 142 3 is_stmt 1 view .LVU48
 142:Core/Src/main.c ****   if (HAL_RCC_OscConfig(&RCC_OscInitStruct) != HAL_OK)
 206              		.loc 1 142 30 is_stmt 0 view .LVU49
 207 006a 1393     		str	r3, [sp, #76]
 143:Core/Src/main.c ****   {
 208              		.loc 1 143 3 is_stmt 1 view .LVU50
 143:Core/Src/main.c ****   {
 209              		.loc 1 143 7 is_stmt 0 view .LVU51
 210 006c 07A8     		add	r0, sp, #28
 211 006e FFF7FEFF 		bl	HAL_RCC_OscConfig
 212              	.LVL5:
 143:Core/Src/main.c ****   {
 213              		.loc 1 143 6 view .LVU52
 214 0072 98B9     		cbnz	r0, .L13
 150:Core/Src/main.c ****                               |RCC_CLOCKTYPE_PCLK1|RCC_CLOCKTYPE_PCLK2;
 215              		.loc 1 150 3 is_stmt 1 view .LVU53
 150:Core/Src/main.c ****                               |RCC_CLOCKTYPE_PCLK1|RCC_CLOCKTYPE_PCLK2;
 216              		.loc 1 150 31 is_stmt 0 view .LVU54
 217 0074 0F23     		movs	r3, #15
 218 0076 0293     		str	r3, [sp, #8]
 152:Core/Src/main.c ****   RCC_ClkInitStruct.AHBCLKDivider = RCC_SYSCLK_DIV1;
 219              		.loc 1 152 3 is_stmt 1 view .LVU55
 152:Core/Src/main.c ****   RCC_ClkInitStruct.AHBCLKDivider = RCC_SYSCLK_DIV1;
 220              		.loc 1 152 34 is_stmt 0 view .LVU56
 221 0078 0323     		movs	r3, #3
 222 007a 0393     		str	r3, [sp, #12]
 153:Core/Src/main.c ****   RCC_ClkInitStruct.APB1CLKDivider = RCC_HCLK_DIV4;
 223              		.loc 1 153 3 is_stmt 1 view .LVU57
 153:Core/Src/main.c ****   RCC_ClkInitStruct.APB1CLKDivider = RCC_HCLK_DIV4;
 224              		.loc 1 153 35 is_stmt 0 view .LVU58
 225 007c 0023     		movs	r3, #0
 226 007e 0493     		str	r3, [sp, #16]
 154:Core/Src/main.c ****   RCC_ClkInitStruct.APB2CLKDivider = RCC_HCLK_DIV2;
 227              		.loc 1 154 3 is_stmt 1 view .LVU59
 154:Core/Src/main.c ****   RCC_ClkInitStruct.APB2CLKDivider = RCC_HCLK_DIV2;
 228              		.loc 1 154 36 is_stmt 0 view .LVU60
 229 0080 4FF4A053 		mov	r3, #5120
 230 0084 0593     		str	r3, [sp, #20]
 155:Core/Src/main.c **** 
 231              		.loc 1 155 3 is_stmt 1 view .LVU61
 155:Core/Src/main.c **** 
 232              		.loc 1 155 36 is_stmt 0 view .LVU62
 233 0086 4FF48053 		mov	r3, #4096
 234 008a 0693     		str	r3, [sp, #24]
 157:Core/Src/main.c ****   {
 235              		.loc 1 157 3 is_stmt 1 view .LVU63
 157:Core/Src/main.c ****   {
 236              		.loc 1 157 7 is_stmt 0 view .LVU64
 237 008c 0521     		movs	r1, #5
 238 008e 02A8     		add	r0, sp, #8
 239 0090 FFF7FEFF 		bl	HAL_RCC_ClockConfig
ARM GAS  /tmp/ccgp5FZc.s 			page 12


 240              	.LVL6:
 157:Core/Src/main.c ****   {
 241              		.loc 1 157 6 view .LVU65
 242 0094 20B9     		cbnz	r0, .L14
 161:Core/Src/main.c **** 
 243              		.loc 1 161 1 view .LVU66
 244 0096 15B0     		add	sp, sp, #84
 245              	.LCFI3:
 246              		.cfi_remember_state
 247              		.cfi_def_cfa_offset 4
 248              		@ sp needed
 249 0098 5DF804FB 		ldr	pc, [sp], #4
 250              	.L13:
 251              	.LCFI4:
 252              		.cfi_restore_state
 145:Core/Src/main.c ****   }
 253              		.loc 1 145 5 is_stmt 1 view .LVU67
 254 009c FFF7FEFF 		bl	Error_Handler
 255              	.LVL7:
 256              	.L14:
 159:Core/Src/main.c ****   }
 257              		.loc 1 159 5 view .LVU68
 258 00a0 FFF7FEFF 		bl	Error_Handler
 259              	.LVL8:
 260              	.L16:
 261              		.align	2
 262              	.L15:
 263 00a4 00380240 		.word	1073887232
 264 00a8 00700040 		.word	1073770496
 265              		.cfi_endproc
 266              	.LFE135:
 268              		.section	.text.main,"ax",%progbits
 269              		.align	1
 270              		.global	main
 271              		.syntax unified
 272              		.thumb
 273              		.thumb_func
 274              		.fpu fpv4-sp-d16
 276              	main:
 277              	.LFB134:
  69:Core/Src/main.c ****   /* USER CODE BEGIN 1 */
 278              		.loc 1 69 1 view -0
 279              		.cfi_startproc
 280              		@ Volatile: function does not return.
 281              		@ args = 0, pretend = 0, frame = 0
 282              		@ frame_needed = 0, uses_anonymous_args = 0
 283 0000 08B5     		push	{r3, lr}
 284              	.LCFI5:
 285              		.cfi_def_cfa_offset 8
 286              		.cfi_offset 3, -8
 287              		.cfi_offset 14, -4
  77:Core/Src/main.c **** 
 288              		.loc 1 77 3 view .LVU70
 289 0002 FFF7FEFF 		bl	HAL_Init
 290              	.LVL9:
  84:Core/Src/main.c **** 
 291              		.loc 1 84 3 view .LVU71
ARM GAS  /tmp/ccgp5FZc.s 			page 13


 292 0006 FFF7FEFF 		bl	SystemClock_Config
 293              	.LVL10:
  91:Core/Src/main.c ****   MX_DMA_Init();
 294              		.loc 1 91 3 view .LVU72
 295 000a FFF7FEFF 		bl	MX_GPIO_Init
 296              	.LVL11:
  92:Core/Src/main.c ****   MX_USART2_UART_Init();
 297              		.loc 1 92 3 view .LVU73
 298 000e FFF7FEFF 		bl	MX_DMA_Init
 299              	.LVL12:
  93:Core/Src/main.c ****   /* USER CODE BEGIN 2 */
 300              		.loc 1 93 3 view .LVU74
 301 0012 FFF7FEFF 		bl	MX_USART2_UART_Init
 302              	.LVL13:
  99:Core/Src/main.c ****   MX_FREERTOS_Init();
 303              		.loc 1 99 3 view .LVU75
 304 0016 FFF7FEFF 		bl	osKernelInitialize
 305              	.LVL14:
 100:Core/Src/main.c **** 
 306              		.loc 1 100 3 view .LVU76
 307 001a FFF7FEFF 		bl	MX_FREERTOS_Init
 308              	.LVL15:
 103:Core/Src/main.c **** 
 309              		.loc 1 103 3 view .LVU77
 310 001e FFF7FEFF 		bl	osKernelStart
 311              	.LVL16:
 312              	.L18:
 108:Core/Src/main.c ****   {
 313              		.loc 1 108 3 discriminator 1 view .LVU78
 113:Core/Src/main.c ****   /* USER CODE END 3 */
 314              		.loc 1 113 3 discriminator 1 view .LVU79
 108:Core/Src/main.c ****   {
 315              		.loc 1 108 9 discriminator 1 view .LVU80
 316 0022 FEE7     		b	.L18
 317              		.cfi_endproc
 318              	.LFE134:
 320              		.text
 321              	.Letext0:
 322              		.file 3 "/usr/lib/gcc/arm-none-eabi/10.3.1/include/stdint.h"
 323              		.file 4 "Drivers/CMSIS/Device/ST/STM32F4xx/Include/stm32f446xx.h"
 324              		.file 5 "Drivers/STM32F4xx_HAL_Driver/Inc/stm32f4xx_hal_def.h"
 325              		.file 6 "Drivers/STM32F4xx_HAL_Driver/Inc/stm32f4xx_hal_rcc_ex.h"
 326              		.file 7 "Drivers/STM32F4xx_HAL_Driver/Inc/stm32f4xx_hal_rcc.h"
 327              		.file 8 "Drivers/STM32F4xx_HAL_Driver/Inc/stm32f4xx_hal_dma.h"
 328              		.file 9 "Drivers/STM32F4xx_HAL_Driver/Inc/stm32f4xx_hal_tim.h"
 329              		.file 10 "Drivers/STM32F4xx_HAL_Driver/Inc/stm32f4xx_hal.h"
 330              		.file 11 "Core/Inc/gpio.h"
 331              		.file 12 "Core/Inc/dma.h"
 332              		.file 13 "Core/Inc/usart.h"
 333              		.file 14 "Middlewares/Third_Party/FreeRTOS/Source/CMSIS_RTOS_V2/cmsis_os2.h"
 334              		.file 15 "<built-in>"
ARM GAS  /tmp/ccgp5FZc.s 			page 14


DEFINED SYMBOLS
                            *ABS*:0000000000000000 main.c
     /tmp/ccgp5FZc.s:18     .text.HAL_TIM_PeriodElapsedCallback:0000000000000000 $t
     /tmp/ccgp5FZc.s:26     .text.HAL_TIM_PeriodElapsedCallback:0000000000000000 HAL_TIM_PeriodElapsedCallback
     /tmp/ccgp5FZc.s:61     .text.HAL_TIM_PeriodElapsedCallback:0000000000000014 $d
     /tmp/ccgp5FZc.s:66     .text.Error_Handler:0000000000000000 $t
     /tmp/ccgp5FZc.s:73     .text.Error_Handler:0000000000000000 Error_Handler
     /tmp/ccgp5FZc.s:105    .text.SystemClock_Config:0000000000000000 $t
     /tmp/ccgp5FZc.s:112    .text.SystemClock_Config:0000000000000000 SystemClock_Config
     /tmp/ccgp5FZc.s:263    .text.SystemClock_Config:00000000000000a4 $d
     /tmp/ccgp5FZc.s:269    .text.main:0000000000000000 $t
     /tmp/ccgp5FZc.s:276    .text.main:0000000000000000 main

UNDEFINED SYMBOLS
HAL_IncTick
memset
HAL_RCC_OscConfig
HAL_RCC_ClockConfig
HAL_Init
MX_GPIO_Init
MX_DMA_Init
MX_USART2_UART_Init
osKernelInitialize
MX_FREERTOS_Init
osKernelStart
